Flow report for jhcpu
Wed Apr 21 11:28:28 2021
Quartus II Version 9.0 Build 235 06/17/2009 Service Pack 2 SJ Web Edition


---------------------
; Table of Contents ;
---------------------
  1. Legal Notice
  2. Flow Summary
  3. Flow Settings
  4. Flow Non-Default Global Settings
  5. Flow Elapsed Time
  6. Flow OS Summary
  7. Flow Log



----------------
; Legal Notice ;
----------------
Copyright (C) 1991-2009 Altera Corporation
Your use of Altera Corporation's design tools, logic functions 
and other software and tools, and its AMPP partner logic 
functions, and any output files from any of the foregoing 
(including device programming or simulation files), and any 
associated documentation or information are expressly subject 
to the terms and conditions of the Altera Program License 
Subscription Agreement, Altera MegaCore Function License 
Agreement, or other applicable license agreement, including, 
without limitation, that your use is for the sole purpose of 
programming logic devices manufactured by Altera and sold by 
Altera or its authorized distributors.  Please refer to the 
applicable agreement for further details.



+------------------------------------------------------------------------------+
; Flow Summary                                                                 ;
+-------------------------------+----------------------------------------------+
; Flow Status                   ; Successful - Wed Apr 21 11:28:28 2021        ;
; Quartus II Version            ; 9.0 Build 235 06/17/2009 SP 2 SJ Web Edition ;
; Revision Name                 ; jhcpu                                        ;
; Top-level Entity Name         ; jhcpu                                        ;
; Family                        ; Stratix II                                   ;
; Met timing requirements       ; Yes                                          ;
; Logic utilization             ; 4 %                                          ;
;     Combinational ALUTs       ; 408 / 12,480 ( 3 % )                         ;
;     Dedicated logic registers ; 133 / 12,480 ( 1 % )                         ;
; Total registers               ; 133                                          ;
; Total pins                    ; 87 / 343 ( 25 % )                            ;
; Total virtual pins            ; 0                                            ;
; Total block memory bits       ; 60,416 / 419,328 ( 14 % )                    ;
; DSP block 9-bit elements      ; 2 / 96 ( 2 % )                               ;
; Total PLLs                    ; 0 / 6 ( 0 % )                                ;
; Total DLLs                    ; 0 / 2 ( 0 % )                                ;
; Device                        ; EP2S15F484C3                                 ;
; Timing Models                 ; Final                                        ;
+-------------------------------+----------------------------------------------+


+-----------------------------------------+
; Flow Settings                           ;
+-------------------+---------------------+
; Option            ; Setting             ;
+-------------------+---------------------+
; Start date & time ; 04/21/2021 11:28:08 ;
; Main task         ; Compilation         ;
; Revision Name     ; jhcpu               ;
+-------------------+---------------------+


+---------------------------------------------------------------------------------------------------------------+
; Flow Non-Default Global Settings                                                                              ;
+------------------------------------+-------------------------------+---------------+-------------+------------+
; Assignment Name                    ; Value                         ; Default Value ; Entity Name ; Section Id ;
+------------------------------------+-------------------------------+---------------+-------------+------------+
; COMPILER_SIGNATURE_ID              ; 1050349949068.161897568813028 ; --            ; --          ; --         ;
; PARTITION_COLOR                    ; 2147039                       ; --            ; --          ; Top        ;
; PARTITION_NETLIST_TYPE             ; SOURCE                        ; --            ; --          ; Top        ;
; USE_GENERATED_PHYSICAL_CONSTRAINTS ; Off                           ; --            ; --          ; eda_palace ;
+------------------------------------+-------------------------------+---------------+-------------+------------+


+-----------------------------------------------------------------------------------------------------------------------------+
; Flow Elapsed Time                                                                                                           ;
+-------------------------+--------------+-------------------------+---------------------+------------------------------------+
; Module Name             ; Elapsed Time ; Average Processors Used ; Peak Virtual Memory ; Total CPU Time (on all processors) ;
+-------------------------+--------------+-------------------------+---------------------+------------------------------------+
; Analysis & Synthesis    ; 00:00:09     ; 1.0                     ; 241 MB              ; 00:00:04                           ;
; Fitter                  ; 00:00:05     ; 1.3                     ; 307 MB              ; 00:00:05                           ;
; Assembler               ; 00:00:02     ; 1.0                     ; 247 MB              ; 00:00:01                           ;
; Classic Timing Analyzer ; 00:00:00     ; 1.0                     ; 185 MB              ; 00:00:00                           ;
; Total                   ; 00:00:16     ; --                      ; --                  ; 00:00:10                           ;
+-------------------------+--------------+-------------------------+---------------------+------------------------------------+


+------------------------------------------------------------------------------------------+
; Flow OS Summary                                                                          ;
+-------------------------+------------------+---------------+------------+----------------+
; Module Name             ; Machine Hostname ; OS Name       ; OS Version ; Processor type ;
+-------------------------+------------------+---------------+------------+----------------+
; Analysis & Synthesis    ; DESKTOP-03HMRIN  ; Windows Vista ; 6.2        ; x86_64         ;
; Fitter                  ; DESKTOP-03HMRIN  ; Windows Vista ; 6.2        ; x86_64         ;
; Assembler               ; DESKTOP-03HMRIN  ; Windows Vista ; 6.2        ; x86_64         ;
; Classic Timing Analyzer ; DESKTOP-03HMRIN  ; Windows Vista ; 6.2        ; x86_64         ;
+-------------------------+------------------+---------------+------------+----------------+


------------
; Flow Log ;
------------
quartus_map --read_settings_files=on --write_settings_files=off jhcpu -c jhcpu
quartus_fit --read_settings_files=off --write_settings_files=off jhcpu -c jhcpu
quartus_asm --read_settings_files=off --write_settings_files=off jhcpu -c jhcpu
quartus_tan --read_settings_files=off --write_settings_files=off jhcpu -c jhcpu --timing_analysis_only



